  Moc'ing cy_algorithm.h...
  Moc'ing cy_performance.h...
  Moc'ing mainwindow.h...
  Uic'ing mainwindow.ui...
  chongya.cpp
chongya.cpp(2): fatal error C1083: 无法打开包括文件: “opencv2/opencv.hpp”: No such file or directory
  cy_algorithm.cpp
f:\project vs\qt_opencv_cy_20170808\qt_opencv_cy\cy_algorithm.h(7): fatal error C1083: 无法打开包括文件: “opencv2/opencv.hpp”: No such file or directory
  cy_performance.cpp
  cyproc.cpp
f:\project vs\qt_opencv_cy_20170808\qt_opencv_cy\cyproc.h(3): fatal error C1083: 无法打开包括文件: “opencv2/opencv.hpp”: No such file or directory
  main.cpp
f:\project vs\qt_opencv_cy_20170808\qt_opencv_cy\mainwindow.h(8): fatal error C1083: 无法打开包括文件: “opencv2/opencv.hpp”: No such file or directory
  mainwindow.cpp
f:\project vs\qt_opencv_cy_20170808\qt_opencv_cy\mainwindow.h(8): fatal error C1083: 无法打开包括文件: “opencv2/opencv.hpp”: No such file or directory
  moc_mainwindow.cpp
f:\project vs\qt_opencv_cy_20170808\qt_opencv_cy\release\../mainwindow.h(8): fatal error C1083: 无法打开包括文件: “opencv2/opencv.hpp”: No such file or directory
  moc_cy_algorithm.cpp
f:\project vs\qt_opencv_cy_20170808\qt_opencv_cy\release\../cy_algorithm.h(7): fatal error C1083: 无法打开包括文件: “opencv2/opencv.hpp”: No such file or directory
  moc_cy_performance.cpp
  正在生成代码...
