f:\project vs\qt_opencv_cy_20180127\qt_opencv_cy\x64\debug\vc140.pdb
f:\project vs\qt_opencv_cy_20180127\qt_opencv_cy\x64\debug\mainwindow.obj
f:\project vs\qt_opencv_cy_20180127\qt_opencv_cy\x64\debug\main.obj
f:\project vs\qt_opencv_cy_20180127\qt_opencv_cy\x64\debug\moc_mainwindow.obj
f:\project vs\qt_opencv_cy_20180127\qt_opencv_cy\x64\debug\moc_cy_performance.obj
f:\project vs\qt_opencv_cy_20180127\qt_opencv_cy\x64\debug\moc_cy_algorithm.obj
f:\project vs\qt_opencv_cy_20180127\qt_opencv_cy\x64\debug\cy_performance.obj
f:\project vs\qt_opencv_cy_20180127\qt_opencv_cy\x64\debug\cy_algorithm.obj
f:\project vs\qt_opencv_cy_20180127\qt_opencv_cy\x64\debug\cy_preproc.obj
f:\project vs\qt_opencv_cy_20180127\qt_opencv_cy\debug\moc_cy_performance.cpp
f:\project vs\qt_opencv_cy_20180127\qt_opencv_cy\debug\moc_mainwindow.cpp
f:\project vs\qt_opencv_cy_20180127\qt_opencv_cy\generatedfiles\ui_mainwindow.h
f:\project vs\qt_opencv_cy_20180127\qt_opencv_cy\debug\moc_cy_algorithm.cpp
f:\project vs\qt_opencv_cy_20180127\qt_opencv_cy\debug\qt_opencv_cy.ilk
f:\project vs\qt_opencv_cy_20180127\qt_opencv_cy\debug\qt_opencv_cy.exe
f:\project vs\qt_opencv_cy_20180127\qt_opencv_cy\debug\qt_opencv_cy.pdb
f:\project vs\qt_opencv_cy_20180127\qt_opencv_cy\x64\debug\qt_opencv_cy.tlog\cl.command.1.tlog
f:\project vs\qt_opencv_cy_20180127\qt_opencv_cy\x64\debug\qt_opencv_cy.tlog\cl.read.1.tlog
f:\project vs\qt_opencv_cy_20180127\qt_opencv_cy\x64\debug\qt_opencv_cy.tlog\cl.write.1.tlog
f:\project vs\qt_opencv_cy_20180127\qt_opencv_cy\x64\debug\qt_opencv_cy.tlog\custombuild.command.1.tlog
f:\project vs\qt_opencv_cy_20180127\qt_opencv_cy\x64\debug\qt_opencv_cy.tlog\custombuild.read.1.tlog
f:\project vs\qt_opencv_cy_20180127\qt_opencv_cy\x64\debug\qt_opencv_cy.tlog\custombuild.write.1.tlog
f:\project vs\qt_opencv_cy_20180127\qt_opencv_cy\x64\debug\qt_opencv_cy.tlog\link.command.1.tlog
f:\project vs\qt_opencv_cy_20180127\qt_opencv_cy\x64\debug\qt_opencv_cy.tlog\link.read.1.tlog
f:\project vs\qt_opencv_cy_20180127\qt_opencv_cy\x64\debug\qt_opencv_cy.tlog\link.write.1.tlog
